08 Mar 2026 18:07:48  INFO     Flame TV starting up.
08 Mar 2026 18:07:48  INFO     Worker started — qBit poll every 180s, DB clean every 3600s
08 Mar 2026 18:07:48  INFO     Polling qBittorrent for completed downloads...
08 Mar 2026 18:07:48  INFO     Serving on http://127.0.0.1:5000
08 Mar 2026 18:07:48  INFO     qBit: nothing completed yet.
08 Mar 2026 18:10:48  INFO     Polling qBittorrent for completed downloads...
08 Mar 2026 18:10:48  INFO     qBit: nothing completed yet.
08 Mar 2026 18:13:48  INFO     Polling qBittorrent for completed downloads...
08 Mar 2026 18:13:48  INFO     qBit: nothing completed yet.
08 Mar 2026 18:15:41  INFO     Flame TV starting up.
08 Mar 2026 18:15:41  INFO     Worker started — qBit poll every 180s, DB clean every 3600s
08 Mar 2026 18:15:41  INFO     Polling qBittorrent for completed downloads...
08 Mar 2026 18:15:41  INFO     Serving on http://127.0.0.1:5000
08 Mar 2026 18:15:41  INFO     qBit: nothing completed yet.
08 Mar 2026 18:18:41  INFO     Polling qBittorrent for completed downloads...
08 Mar 2026 18:18:41  INFO     qBit: nothing completed yet.
08 Mar 2026 18:21:41  INFO     Polling qBittorrent for completed downloads...
08 Mar 2026 18:21:41  INFO     qBit: nothing completed yet.
08 Mar 2026 18:24:41  INFO     Polling qBittorrent for completed downloads...
08 Mar 2026 18:24:41  INFO     qBit: nothing completed yet.
08 Mar 2026 18:27:41  INFO     Polling qBittorrent for completed downloads...
08 Mar 2026 18:27:41  INFO     qBit: nothing completed yet.
08 Mar 2026 18:30:41  INFO     Polling qBittorrent for completed downloads...
08 Mar 2026 18:30:41  INFO     qBit: nothing completed yet.
08 Mar 2026 18:33:41  INFO     Polling qBittorrent for completed downloads...
08 Mar 2026 18:33:41  INFO     qBit: nothing completed yet.
08 Mar 2026 18:36:41  INFO     Polling qBittorrent for completed downloads...
08 Mar 2026 18:36:41  INFO     qBit: nothing completed yet.
08 Mar 2026 18:39:41  INFO     Polling qBittorrent for completed downloads...
08 Mar 2026 18:39:41  INFO     qBit: nothing completed yet.
08 Mar 2026 18:42:41  INFO     Polling qBittorrent for completed downloads...
08 Mar 2026 18:42:41  INFO     qBit: nothing completed yet.
